2025-04-01 02:23:14.058 [info] Started local extension host with pid 33382.
2025-04-01 02:23:14.591 [info] Settings Sync: Account status changed from uninitialized to unavailable
2025-04-01 02:23:16.697 [info] [perf] Render performance baseline is 13ms
2025-04-01 02:24:48.058 [error] An unknown error occurred. Please consult the log for more details.
2025-04-01 02:25:50.978 [error] No default agent contributed: CodeExpectedError: No default agent contributed
    at FXe.U (vscode-file://vscode-app/opt/visual-studio-code/resources/app/out/vs/workbench/workbench.desktop.main.js:1960:25292)
2025-04-01 02:26:16.719 [info] Started local extension host with pid 34533.
2025-04-01 02:26:17.245 [info] Settings Sync: Account status changed from uninitialized to unavailable
2025-04-01 02:26:18.420 [error] An unknown error occurred. Please consult the log for more details.
2025-04-01 02:26:19.313 [info] [perf] Render performance baseline is 12ms
2025-04-01 02:26:33.594 [info] Started local extension host with pid 34683.
2025-04-01 02:26:34.080 [info] Settings Sync: Account status changed from uninitialized to unavailable
2025-04-01 02:26:35.331 [error] An unknown error occurred. Please consult the log for more details.
2025-04-01 02:26:36.188 [info] [perf] Render performance baseline is 12ms
2025-04-01 02:27:34.862 [error] No default agent contributed: CodeExpectedError: No default agent contributed
    at FXe.U (vscode-file://vscode-app/opt/visual-studio-code/resources/app/out/vs/workbench/workbench.desktop.main.js:1960:25292)
2025-04-01 02:29:44.722 [error] TreeError [DebugRepl] Tree input not set: Error: TreeError [DebugRepl] Tree input not set
    at Lf.C (vscode-file://vscode-app/opt/visual-studio-code/resources/app/out/vs/workbench/workbench.desktop.main.js:413:29043)
    at Lf.updateChildren (vscode-file://vscode-app/opt/visual-studio-code/resources/app/out/vs/workbench/workbench.desktop.main.js:413:28950)
    at xie.value (vscode-file://vscode-app/opt/visual-studio-code/resources/app/out/vs/workbench/workbench.desktop.main.js:2065:33649)
    at E.B (vscode-file://vscode-app/opt/visual-studio-code/resources/app/out/vs/workbench/workbench.desktop.main.js:29:2392)
    at E.C (vscode-file://vscode-app/opt/visual-studio-code/resources/app/out/vs/workbench/workbench.desktop.main.js:29:2462)
    at E.fire (vscode-file://vscode-app/opt/visual-studio-code/resources/app/out/vs/workbench/workbench.desktop.main.js:29:2680)
    at Iye.setVisible (vscode-file://vscode-app/opt/visual-studio-code/resources/app/out/vs/workbench/workbench.desktop.main.js:648:2727)
    at vscode-file://vscode-app/opt/visual-studio-code/resources/app/out/vs/workbench/workbench.desktop.main.js:1278:11843
    at Array.map (<anonymous>)
    at su.setVisible (vscode-file://vscode-app/opt/visual-studio-code/resources/app/out/vs/workbench/workbench.desktop.main.js:1278:11834)
