2025-04-01 02:23:14.676 [info] Reading sessions from keychain...
2025-04-01 02:23:14.676 [info] Getting sessions for all scopes...
2025-04-01 02:23:14.676 [info] Getting sessions for all scopes...
2025-04-01 02:23:14.676 [info] Getting sessions for all scopes...
2025-04-01 02:23:14.676 [info] Getting sessions for all scopes...
2025-04-01 02:23:14.676 [info] Getting sessions for all scopes...
2025-04-01 02:23:14.676 [info] Getting sessions for all scopes...
2025-04-01 02:23:14.676 [info] Getting sessions for all scopes...
2025-04-01 02:23:14.682 [info] Got 0 sessions for ...
2025-04-01 02:23:14.682 [info] Got 0 sessions for ...
2025-04-01 02:23:14.682 [info] Got 0 sessions for ...
2025-04-01 02:23:14.682 [info] Got 0 sessions for ...
2025-04-01 02:23:14.682 [info] Got 0 sessions for ...
2025-04-01 02:23:14.682 [info] Got 0 sessions for ...
2025-04-01 02:23:14.682 [info] Got 0 sessions for ...
2025-04-01 02:23:16.582 [info] Getting sessions for all scopes...
2025-04-01 02:23:16.582 [info] Got 0 sessions for ...
2025-04-01 02:26:17.241 [info] Reading sessions from keychain...
2025-04-01 02:26:17.241 [info] Getting sessions for all scopes...
2025-04-01 02:26:17.241 [info] Getting sessions for all scopes...
2025-04-01 02:26:17.241 [info] Getting sessions for all scopes...
2025-04-01 02:26:17.241 [info] Getting sessions for all scopes...
2025-04-01 02:26:17.241 [info] Getting sessions for all scopes...
2025-04-01 02:26:17.241 [info] Getting sessions for all scopes...
2025-04-01 02:26:17.241 [info] Getting sessions for all scopes...
2025-04-01 02:26:17.241 [info] Getting sessions for all scopes...
2025-04-01 02:26:17.246 [info] Got 0 sessions for ...
2025-04-01 02:26:17.246 [info] Got 0 sessions for ...
2025-04-01 02:26:17.246 [info] Got 0 sessions for ...
2025-04-01 02:26:17.246 [info] Got 0 sessions for ...
2025-04-01 02:26:17.246 [info] Got 0 sessions for ...
2025-04-01 02:26:17.246 [info] Got 0 sessions for ...
2025-04-01 02:26:17.246 [info] Got 0 sessions for ...
2025-04-01 02:26:17.246 [info] Got 0 sessions for ...
2025-04-01 02:26:19.169 [info] Getting sessions for all scopes...
2025-04-01 02:26:19.169 [info] Got 0 sessions for ...
2025-04-01 02:26:23.627 [info] Getting sessions for read:user,repo,user:email,workflow...
2025-04-01 02:26:23.627 [info] Got 0 sessions for read:user,repo,user:email,workflow...
2025-04-01 02:26:34.087 [info] Reading sessions from keychain...
2025-04-01 02:26:34.087 [info] Getting sessions for all scopes...
2025-04-01 02:26:34.087 [info] Getting sessions for all scopes...
2025-04-01 02:26:34.087 [info] Getting sessions for all scopes...
2025-04-01 02:26:34.087 [info] Getting sessions for all scopes...
2025-04-01 02:26:34.087 [info] Getting sessions for all scopes...
2025-04-01 02:26:34.087 [info] Getting sessions for all scopes...
2025-04-01 02:26:34.087 [info] Getting sessions for all scopes...
2025-04-01 02:26:34.094 [info] Got 0 sessions for ...
2025-04-01 02:26:34.094 [info] Got 0 sessions for ...
2025-04-01 02:26:34.094 [info] Got 0 sessions for ...
2025-04-01 02:26:34.094 [info] Got 0 sessions for ...
2025-04-01 02:26:34.094 [info] Got 0 sessions for ...
2025-04-01 02:26:34.094 [info] Got 0 sessions for ...
2025-04-01 02:26:34.094 [info] Got 0 sessions for ...
2025-04-01 02:26:34.442 [info] Getting sessions for read:user,repo,user:email,workflow...
2025-04-01 02:26:34.442 [info] Got 0 sessions for read:user,repo,user:email,workflow...
2025-04-01 02:26:36.099 [info] Getting sessions for all scopes...
2025-04-01 02:26:36.099 [info] Got 0 sessions for ...
2025-04-01 02:27:52.367 [info] Getting sessions for read:user,repo,user:email,workflow...
2025-04-01 02:27:52.367 [info] Got 0 sessions for read:user,repo,user:email,workflow...
