2025-06-15T19:49:18.850Z - info: [ui] [AppStore] loading 4 repositories from store
2025-06-15T19:49:18.853Z - info: [ui] [AppStore] found account: PalDew (PalDew)
2025-06-15T19:49:19.056Z - info: [ui] launching: 3.4.13-linux1 (Linux 6.12.33-1-lts)
2025-06-15T19:49:19.057Z - info: [ui] execPath: '/opt/github-desktop/github-desktop'
2025-06-15T19:49:20.020Z - info: [ui] Stats reported.
2025-06-15T19:49:28.690Z - info: [ui] [Timing] Action 'create commit' for 'PalDew/Obsidian-new' took 0.065s
2025-06-15T19:49:34.034Z - info: [ui] [BranchPruner] Last prune took place 15 seconds ago - skipping
2025-06-15T19:49:47.000Z - info: [ui] credential-helper: found GitHub credential for https://github.com/ in store
2025-06-15T19:49:47.625Z - info: [ui] [RepositoryIndicatorUpdater]: Refreshing sidebar indicators for 3 repositories took 0.9s of which 0.0s paused, total 0.9s
2025-06-15T19:49:48.379Z - info: [ui] Executing push: git push origin master:master --progress (took 16.778s)
2025-06-15T19:49:49.404Z - info: [ui] credential-helper: found GitHub credential for https://github.com/ in store
2025-06-15T19:49:50.001Z - info: [ui] Executing fetch: git fetch --progress --prune --recurse-submodules=on-demand origin (took 15.960s)
2025-06-15T19:50:03.749Z - info: [ui] credential-helper: found GitHub credential for https://github.com/ in store
2025-06-15T19:50:04.317Z - info: [ui] Executing fetch: git fetch --progress --prune --recurse-submodules=on-demand origin (took 15.934s)
2025-06-15T19:50:05.383Z - info: [ui] credential-helper: found GitHub credential for https://github.com/ in store
2025-06-15T19:50:05.998Z - info: [ui] Executing updateRemoteHEAD: git remote set-head -a origin (took 15.994s)
2025-06-15T19:50:17.452Z - info: [ui] [Timing] Action 'create commit' for 'PalDew/scratch' took 0.059s
2025-06-15T19:50:19.705Z - info: [ui] credential-helper: found GitHub credential for https://github.com/ in store
2025-06-15T19:50:20.316Z - info: [ui] Executing updateRemoteHEAD: git remote set-head -a origin (took 15.996s)
2025-06-15T19:50:22.823Z - info: [ui] [BranchPruner] No branches to prune.
2025-06-15T19:50:35.053Z - info: [ui] credential-helper: found GitHub credential for https://github.com/ in store
2025-06-15T19:50:35.878Z - info: [ui] Executing push: git push origin master:master --progress (took 16.193s)
2025-06-15T19:50:38.318Z - info: [ui] Executing fetch: git fetch --progress --prune --recurse-submodules=on-demand origin (took 15.612s)
2025-06-15T19:50:51.269Z - info: [ui] credential-helper: found GitHub credential for https://github.com/ in store
2025-06-15T19:50:51.870Z - info: [ui] Executing fetch: git fetch --progress --prune --recurse-submodules=on-demand origin (took 15.989s)
2025-06-15T19:50:53.998Z - info: [ui] Executing updateRemoteHEAD: git remote set-head -a origin (took 15.677s)
2025-06-15T19:51:07.257Z - info: [ui] credential-helper: found GitHub credential for https://github.com/ in store
2025-06-15T19:51:07.834Z - info: [ui] Executing updateRemoteHEAD: git remote set-head -a origin (took 15.961s)
2025-06-15T19:51:26.632Z - info: [ui] [Timing] Action 'create commit' for 'PalDew/Experiment1' took 0.056s
2025-06-15T19:51:46.733Z - info: [ui] credential-helper: found GitHub credential for https://github.com/ in store
2025-06-15T19:51:47.631Z - info: [ui] Executing push: git push origin main:main --progress (took 16.264s)
2025-06-15T19:52:03.269Z - info: [ui] Executing fetch: git fetch --progress --prune --recurse-submodules=on-demand origin (took 15.634s)
2025-06-15T19:52:18.914Z - info: [ui] Executing updateRemoteHEAD: git remote set-head -a origin (took 15.626s)
