2025-04-03T18:54:49.847Z - info: [ui] [AppStore] loading 4 repositories from store
2025-04-03T18:54:49.850Z - info: [ui] [AppStore] found account: PalDew (PalDew)
2025-04-03T18:54:50.104Z - info: [ui] launching: 3.4.13-linux1 (Linux 6.14.0-arch1-1)
2025-04-03T18:54:50.105Z - info: [ui] execPath: '/opt/github-desktop/github-desktop'
2025-04-03T18:54:50.982Z - info: [ui] Stats reported.
2025-04-03T18:55:00.880Z - info: [ui] [Timing] Action 'create commit' for 'PalDew/scratch' took 0.050s
2025-04-03T18:55:05.479Z - info: [ui] Subscribed 'PalDew' to Alive channel
2025-04-03T18:55:12.037Z - info: [ui] [RepositoryIndicatorUpdater]: Refreshing sidebar indicators for 3 repositories took 0.5s of which 0.0s paused, total 0.5s
2025-04-03T18:55:17.587Z - info: [ui] [Timing] Action 'create commit' for 'PalDew/Experiment1' took 0.073s
2025-04-03T18:55:18.093Z - info: [ui] credential-helper: found GitHub credential for https://github.com/ in store
2025-04-03T18:55:18.894Z - info: [ui] Executing push: git push origin master:master --progress (took 16.195s)
2025-04-03T18:55:21.759Z - info: [ui] credential-helper: found GitHub credential for https://github.com/ in store
2025-04-03T18:55:22.342Z - info: [ui] Executing fetch: git fetch --progress --prune --recurse-submodules=on-demand origin (took 15.967s)
2025-04-03T18:55:22.808Z - info: [ui] [BranchPruner] Last prune took place 33 seconds ago - skipping
2025-04-03T18:55:25.324Z - info: [ui] [BranchPruner] Last prune took place 20 seconds ago - skipping
2025-04-03T18:55:34.259Z - info: [ui] credential-helper: found GitHub credential for https://github.com/ in store
2025-04-03T18:55:34.822Z - info: [ui] Executing fetch: git fetch --progress --prune --recurse-submodules=on-demand origin (took 15.923s)
2025-04-03T18:55:35.185Z - info: [ui] credential-helper: found GitHub credential for https://github.com/ in store
2025-04-03T18:55:36.043Z - info: [ui] Executing push: git push origin main:main --progress (took 16.220s)
2025-04-03T18:55:37.729Z - info: [ui] credential-helper: found GitHub credential for https://github.com/ in store
2025-04-03T18:55:38.296Z - info: [ui] Executing updateRemoteHEAD: git remote set-head -a origin (took 15.951s)
2025-04-03T18:55:50.202Z - info: [ui] credential-helper: found GitHub credential for https://github.com/ in store
2025-04-03T18:55:50.772Z - info: [ui] Executing updateRemoteHEAD: git remote set-head -a origin (took 15.947s)
2025-04-03T18:55:51.662Z - info: [ui] Executing fetch: git fetch --progress --prune --recurse-submodules=on-demand origin (took 15.615s)
2025-04-03T18:55:58.081Z - info: [ui] [BranchPruner] Last prune took place 1 minute ago - skipping
2025-04-03T18:56:07.319Z - info: [ui] Executing updateRemoteHEAD: git remote set-head -a origin (took 15.654s)
