2025-04-19T18:00:07.573Z - info: [ui] [AppStore] loading 4 repositories from store
2025-04-19T18:00:07.576Z - info: [ui] [AppStore] found account: PalDew (PalDew)
2025-04-19T18:00:07.593Z - info: [ui] [BranchPruner] Last prune took place 23 hours ago - skipping
2025-04-19T18:00:07.847Z - info: [ui] launching: 3.4.13-linux1 (Linux 6.14.2-arch1-1)
2025-04-19T18:00:07.847Z - info: [ui] execPath: '/opt/github-desktop/github-desktop'
2025-04-19T18:00:13.595Z - info: [ui] [BranchPruner] Last prune took place 23 hours ago - skipping
2025-04-19T18:00:15.517Z - info: [ui] [BranchPruner] Last prune took place 23 hours ago - skipping
2025-04-19T18:00:23.178Z - info: [ui] Subscribed 'PalDew' to Alive channel
2025-04-19T18:00:23.346Z - info: [ui] [RepositoryIndicatorUpdater]: Refreshing sidebar indicators for 3 repositories took 2.0s of which 0.0s paused, total 2.0s
2025-04-19T18:00:26.717Z - info: [ui] [Timing] Action 'create commit' for 'PalDew/Obsidian-new' took 0.107s
2025-04-19T18:00:31.492Z - info: [ui] [BranchPruner] No branches to prune.
2025-04-19T18:00:44.137Z - info: [ui] credential-helper: found GitHub credential for https://github.com/ in store
2025-04-19T18:00:45.861Z - info: [ui] Executing push: git push origin master:master --progress (took 17.077s)
2025-04-19T18:00:46.705Z - info: [ui] credential-helper: found GitHub credential for https://github.com/ in store
2025-04-19T18:00:47.254Z - info: [ui] Executing fetch: git fetch --progress --prune --recurse-submodules=on-demand origin (took 15.861s)
2025-04-19T18:00:47.313Z - info: [ui] [Timing] Action 'create commit' for 'PalDew/scratch' took 0.063s
2025-04-19T18:00:51.454Z - info: [ui] [BranchPruner] Last prune took place 23 hours ago - skipping
2025-04-19T18:00:55.677Z - info: [ui] [BranchPruner] Last prune took place 24 seconds ago - skipping
2025-04-19T18:01:01.195Z - info: [ui] credential-helper: found GitHub credential for https://github.com/ in store
2025-04-19T18:01:01.748Z - info: [ui] Executing fetch: git fetch --progress --prune --recurse-submodules=on-demand origin (took 15.883s)
2025-04-19T18:01:02.597Z - info: [ui] credential-helper: found GitHub credential for https://github.com/ in store
2025-04-19T18:01:03.177Z - info: [ui] Executing updateRemoteHEAD: git remote set-head -a origin (took 15.893s)
2025-04-19T18:01:17.092Z - info: [ui] credential-helper: found GitHub credential for https://github.com/ in store
2025-04-19T18:01:17.662Z - info: [ui] Executing updateRemoteHEAD: git remote set-head -a origin (took 15.911s)
2025-04-19T18:01:23.859Z - info: [ui] credential-helper: found GitHub credential for https://github.com/ in store
2025-04-19T18:01:24.648Z - info: [ui] Executing push: git push origin master:master --progress (took 16.127s)
2025-04-19T18:01:39.969Z - info: [ui] credential-helper: found GitHub credential for https://github.com/ in store
2025-04-19T18:01:40.568Z - info: [ui] Executing fetch: git fetch --progress --prune --recurse-submodules=on-demand origin (took 15.918s)
2025-04-19T18:01:55.924Z - info: [ui] credential-helper: found GitHub credential for https://github.com/ in store
2025-04-19T18:01:56.258Z - info: [ui] [BranchPruner] Last prune took place 23 hours ago - skipping
2025-04-19T18:01:56.512Z - info: [ui] Executing updateRemoteHEAD: git remote set-head -a origin (took 15.941s)
2025-04-19T18:01:58.626Z - info: [ui] [BranchPruner] Last prune took place 1 minute ago - skipping
