2025-04-01 02:24:47.963 [info] Configuration changed
2025-04-01 02:24:54.743 [info] /home/palash/.config/Code/User/settings.json closed
2025-04-01 02:24:54.745 [info] Configuration changed
2025-04-01 02:25:02.665 [info] /home/palash/.config/Code/User/settings.json closed
2025-04-01 02:25:02.671 [info] Configuration changed
2025-04-01 02:25:08.474 [info] /home/palash/.config/Code/User/settings.json closed
2025-04-01 02:25:08.480 [info] Configuration changed
2025-04-01 02:25:23.092 [info] Configuration changed
2025-04-01 02:25:52.409 [info] Configuration changed
2025-04-01 02:26:18.345 [info] Configuration changed
2025-04-01 02:26:19.162 [info] Configuration changed
2025-04-01 02:26:20.193 [info] Configuration changed
2025-04-01 02:26:23.337 [info] Configuration changed
2025-04-01 02:26:35.164 [info] Configuration changed
2025-04-01 02:26:36.095 [info] Configuration changed
2025-04-01 02:26:37.093 [info] Configuration changed
2025-04-01 02:26:45.304 [info] Active editor: file:///home/palash/Documents/Experiment1/C/w3/q16.c
2025-04-01 02:27:35.789 [info] Configuration changed
2025-04-01 02:27:52.321 [info] Configuration changed
2025-04-01 02:28:38.039 [info] Executing :w
2025-04-01 02:29:05.071 [info] Configuration changed
2025-04-01 02:29:11.079 [info] /home/palash/Documents/Experiment1/C/w3/q16.c closed
2025-04-01 02:29:11.087 [info] /home/palash/Documents/Experiment1/C/w3/q16.c.git closed
2025-04-01 02:29:33.931 [info] Active editor: file:///home/palash/Documents/Experiment1/C/w3/q16_v2.c
2025-04-01 02:29:34.810 [info] /home/palash/Documents/Experiment1/C/w3/q16_v2.c closed
2025-04-01 02:29:34.819 [info] Active editor: file:///home/palash/Documents/Experiment1/C/w3/q16.c
2025-04-01 02:29:42.267 [info] Active editor: output:extension-output-formulahendry.code-runner-%231-Code
2025-04-01 02:29:43.850 [info] Active editor: file:///home/palash/Documents/Experiment1/C/w3/q16.c
2025-04-01 02:29:43.883 [info] extension-output-formulahendry.code-runner-#1-Code closed
2025-04-01 02:30:09.970 [info] Active editor: output:extension-output-formulahendry.code-runner-%231-Code
2025-04-01 02:30:13.521 [info] Active editor: file:///home/palash/Documents/Experiment1/C/w3/q16.c
2025-04-01 02:30:13.529 [info] extension-output-formulahendry.code-runner-#1-Code closed
2025-04-01 02:32:31.599 [info] /home/palash/Documents/Experiment1/C/w3/q16.c closed
2025-04-01 02:32:31.609 [info] /home/palash/Documents/Experiment1/C/w3/q16.c.git closed
