2025-03-26 06:32:27 Loading main app package /usr/lib/obsidian/obsidian.asar
2025-03-26 06:32:28 Checking for update using Github
2025-03-26 06:32:28 Success.
2025-03-26 06:32:28 Latest version is 1.8.9
2025-03-26 06:32:28 App is up to date.
2025-04-07 09:24:14 Loading main app package /usr/lib/obsidian/obsidian.asar
2025-04-07 09:24:14 Checking for update using Github
2025-04-07 09:24:14 Success.
2025-04-07 09:24:14 Latest version is 1.8.9
2025-04-07 09:24:14 App is up to date.
2025-04-07 09:28:29 Loading main app package /usr/lib/obsidian/obsidian.asar
2025-04-07 09:28:29 Checking for update using Github
2025-04-07 09:28:29 Success.
2025-04-07 09:28:29 Latest version is 1.8.9
2025-04-07 09:28:29 App is up to date.
2025-04-16 11:37:30 Loading main app package /usr/lib/obsidian/obsidian.asar
2025-04-16 11:37:30 Checking for update using Github
2025-04-16 11:37:30 Success.
2025-04-16 11:37:30 Latest version is 1.8.9
2025-04-16 11:37:30 App is up to date.
2025-04-16 14:37:59 Loading main app package /usr/lib/obsidian/obsidian.asar
2025-04-16 14:37:59 Checking for update using Github
2025-04-16 14:38:00 Success.
2025-04-16 14:38:00 Latest version is 1.8.9
2025-04-16 14:38:00 App is up to date.
2025-04-16 15:37:59 Checking for update using Github
2025-04-16 15:37:59 Success.
2025-04-16 15:37:59 Latest version is 1.8.9
2025-04-16 15:37:59 App is up to date.
2025-04-16 16:37:59 Checking for update using Github
2025-04-16 16:37:59 Success.
2025-04-16 16:37:59 Latest version is 1.8.9
2025-04-16 16:37:59 App is up to date.
2025-04-16 17:37:59 Checking for update using Github
2025-04-16 17:37:59 Success.
2025-04-16 17:37:59 Latest version is 1.8.9
2025-04-16 17:37:59 App is up to date.
2025-04-18 16:42:54 Loading main app package /usr/lib/obsidian/obsidian.asar
2025-04-18 16:42:54 Checking for update using Github
2025-04-18 16:42:54 Success.
2025-04-18 16:42:54 Latest version is 1.8.9
2025-04-18 16:42:54 App is up to date.
2025-04-19 08:45:40 Loading main app package /usr/lib/obsidian/obsidian.asar
2025-04-19 08:45:40 Checking for update using Github
2025-04-19 08:45:41 Success.
2025-04-19 08:45:41 Latest version is 1.8.9
2025-04-19 08:45:41 App is up to date.
2025-04-19 09:26:22 Checking for update using Github
2025-04-19 09:26:22 Success.
2025-04-19 09:26:22 Latest version is 1.8.9
2025-04-19 09:26:22 App is up to date.
2025-04-19 09:41:38 Loading main app package /usr/lib/obsidian/obsidian.asar
2025-04-19 09:41:38 Checking for update using Github
2025-04-19 09:41:38 Success.
2025-04-19 09:41:38 Latest version is 1.8.9
2025-04-19 09:41:38 App is up to date.
2025-04-19 10:32:11 Loading main app package /usr/lib/obsidian/obsidian.asar
2025-04-19 10:32:11 Checking for update using Github
2025-04-19 10:32:11 Success.
2025-04-19 10:32:11 Latest version is 1.8.9
2025-04-19 10:32:11 App is up to date.
2025-04-19 10:38:51 Loading main app package /usr/lib/obsidian/obsidian.asar
2025-04-19 10:38:51 Checking for update using Github
2025-04-19 10:38:51 Success.
2025-04-19 10:38:51 Latest version is 1.8.9
2025-04-19 10:38:51 App is up to date.
2025-04-19 11:38:51 Checking for update using Github
2025-04-19 11:38:51 Success.
2025-04-19 11:38:51 Latest version is 1.8.9
2025-04-19 11:38:51 App is up to date.
2025-04-19 12:38:51 Checking for update using Github
2025-04-19 12:38:51 Success.
2025-04-19 12:38:51 Latest version is 1.8.9
2025-04-19 12:38:51 App is up to date.
2025-04-19 16:30:39 Loading main app package /usr/lib/obsidian/obsidian.asar
2025-04-19 16:30:39 Checking for update using Github
2025-04-19 16:30:40 Success.
2025-04-19 16:30:40 Latest version is 1.8.9
2025-04-19 16:30:40 App is up to date.
2025-04-19 17:30:39 Checking for update using Github
2025-04-19 17:30:39 Success.
2025-04-19 17:30:39 Latest version is 1.8.9
2025-04-19 17:30:39 App is up to date.
2025-04-23 16:57:10 Loading main app package /usr/lib/obsidian/obsidian.asar
2025-04-23 16:57:10 Checking for update using Github
2025-04-23 16:57:10 Success.
2025-04-23 16:57:10 Latest version is 1.8.10
2025-04-23 16:57:10 Downloading update from https://github.com/obsidianmd/obsidian-releases/releases/download/v1.8.10/obsidian-1.8.10.asar.gz
2025-04-23 16:57:38 Verifying hash & signature. Size= 8128788
2025-04-23 16:57:38 Saving file
2025-04-23 16:57:38 Update complete.
2025-04-24 11:39:34 Loading main app package /usr/lib/obsidian/obsidian.asar
2025-04-24 11:39:34 Checking for update using Github
2025-04-24 11:39:34 Success.
2025-04-24 11:39:34 Latest version is 1.8.10
2025-04-24 11:39:34 App is up to date.
2025-04-24 12:39:34 Checking for update using Github
2025-04-24 12:39:34 Success.
2025-04-24 12:39:34 Latest version is 1.8.10
2025-04-24 12:39:34 App is up to date.
2025-04-24 13:39:34 Checking for update using Github
2025-04-24 13:39:34 Success.
2025-04-24 13:39:34 Latest version is 1.8.10
2025-04-24 13:39:34 App is up to date.
2025-04-24 14:39:34 Checking for update using Github
2025-04-24 14:39:34 Success.
2025-04-24 14:39:34 Latest version is 1.8.10
2025-04-24 14:39:34 App is up to date.
2025-04-24 15:39:34 Checking for update using Github
2025-04-24 15:39:34 Success.
2025-04-24 15:39:34 Latest version is 1.8.10
2025-04-24 15:39:34 App is up to date.
2025-04-24 16:39:34 Checking for update using Github
2025-04-24 16:39:34 Success.
2025-04-24 16:39:34 Latest version is 1.8.10
2025-04-24 16:39:34 App is up to date.
2025-04-24 17:39:34 Checking for update using Github
2025-04-24 17:39:34 Success.
2025-04-24 17:39:34 Latest version is 1.8.10
2025-04-24 17:39:34 App is up to date.
2025-04-25 09:25:53 Loading main app package /usr/lib/obsidian/obsidian.asar
2025-04-25 09:25:53 Checking for update using Github
2025-04-25 09:25:53 Success.
2025-04-25 09:25:53 Latest version is 1.8.10
2025-04-25 09:25:53 App is up to date.
2025-04-25 10:25:53 Checking for update using Github
2025-04-25 10:25:53 Success.
2025-04-25 10:25:53 Latest version is 1.8.10
2025-04-25 10:25:53 App is up to date.
2025-04-25 11:25:53 Checking for update using Github
2025-04-25 11:25:53 Success.
2025-04-25 11:25:53 Latest version is 1.8.10
2025-04-25 11:25:53 App is up to date.
2025-04-25 12:25:53 Checking for update using Github
2025-04-25 12:25:53 Success.
2025-04-25 12:25:53 Latest version is 1.8.10
2025-04-25 12:25:53 App is up to date.
2025-04-25 13:25:53 Checking for update using Github
2025-04-25 13:25:53 Success.
2025-04-25 13:25:53 Latest version is 1.8.10
2025-04-25 13:25:53 App is up to date.
2025-04-25 13:50:32 Loading main app package /usr/lib/obsidian/obsidian.asar
2025-04-25 13:50:33 Checking for update using Github
2025-04-25 13:50:33 Success.
2025-04-25 13:50:33 Latest version is 1.8.10
2025-04-25 13:50:33 App is up to date.
2025-04-25 16:13:09 Loading main app package /usr/lib/obsidian/obsidian.asar
2025-04-25 16:13:09 Checking for update using Github
2025-04-25 16:13:09 Success.
2025-04-25 16:13:09 Latest version is 1.8.10
2025-04-25 16:13:09 App is up to date.
2025-04-25 16:14:29 Loading main app package /usr/lib/obsidian/obsidian.asar
2025-04-25 16:14:29 Checking for update using Github
2025-04-25 16:14:30 Success.
2025-04-25 16:14:30 Latest version is 1.8.10
2025-04-25 16:14:30 App is up to date.
2025-04-25 17:14:29 Checking for update using Github
2025-04-25 17:14:29 Success.
2025-04-25 17:14:29 Latest version is 1.8.10
2025-04-25 17:14:29 App is up to date.
2025-04-29 11:28:37 Loading main app package /usr/lib/obsidian/obsidian.asar
2025-04-29 11:28:37 Checking for update using Github
2025-04-29 11:28:37 Success.
2025-04-29 11:28:37 Latest version is 1.8.10
2025-04-29 11:28:37 App is up to date.
2025-04-29 12:28:37 Checking for update using Github
2025-04-29 12:28:37 Success.
2025-04-29 12:28:37 Latest version is 1.8.10
2025-04-29 12:28:37 App is up to date.
2025-04-29 16:56:21 Loading main app package /usr/lib/obsidian/obsidian.asar
2025-04-29 16:56:21 Checking for update using Github
2025-04-29 16:56:21 Success.
2025-04-29 16:56:21 Latest version is 1.8.10
2025-04-29 16:56:21 App is up to date.
2025-05-02 13:56:27 Loading main app package /usr/lib/obsidian/obsidian.asar
2025-05-02 13:56:27 Checking for update using Github
2025-05-02 13:56:27 Success.
2025-05-02 13:56:27 Latest version is 1.8.10
2025-05-02 13:56:27 App is up to date.
2025-05-02 14:40:13 Loading main app package /usr/lib/obsidian/obsidian.asar
2025-05-02 14:40:13 Checking for update using Github
2025-05-02 14:40:13 Success.
2025-05-02 14:40:13 Latest version is 1.8.10
2025-05-02 14:40:13 App is up to date.
2025-05-02 15:40:13 Checking for update using Github
2025-05-02 15:40:13 Success.
2025-05-02 15:40:13 Latest version is 1.8.10
2025-05-02 15:40:13 App is up to date.
2025-05-02 16:40:13 Checking for update using Github
2025-05-02 16:40:13 Success.
2025-05-02 16:40:13 Latest version is 1.8.10
2025-05-02 16:40:13 App is up to date.
2025-05-02 17:40:13 Checking for update using Github
2025-05-02 17:40:13 Success.
2025-05-02 17:40:13 Latest version is 1.8.10
2025-05-02 17:40:13 App is up to date.
2025-05-02 18:40:13 Checking for update using Github
2025-05-02 18:40:13 Success.
2025-05-02 18:40:13 Latest version is 1.8.10
2025-05-02 18:40:13 App is up to date.
2025-05-02 19:40:13 Checking for update using Github
2025-05-02 19:40:13 Success.
2025-05-02 19:40:13 Latest version is 1.8.10
2025-05-02 19:40:13 App is up to date.
2025-05-03 17:11:46 Loading main app package /usr/lib/obsidian/obsidian.asar
2025-05-03 17:11:46 Checking for update using Github
2025-05-03 17:11:46 Success.
2025-05-03 17:11:46 Latest version is 1.8.10
2025-05-03 17:11:46 App is up to date.
2025-05-05 08:38:19 Loading main app package /usr/lib/obsidian/obsidian.asar
2025-05-05 08:38:19 Checking for update using Github
2025-05-05 08:38:19 Success.
2025-05-05 08:38:19 Latest version is 1.8.10
2025-05-05 08:38:19 App is up to date.
2025-05-06 07:58:41 Loading main app package /usr/lib/obsidian/obsidian.asar
2025-05-06 07:58:41 Checking for update using Github
2025-05-06 07:58:42 Success.
2025-05-06 07:58:42 Latest version is 1.8.10
2025-05-06 07:58:42 App is up to date.
2025-05-06 08:58:41 Checking for update using Github
2025-05-06 08:58:41 Success.
2025-05-06 08:58:41 Latest version is 1.8.10
2025-05-06 08:58:41 App is up to date.
2025-05-06 09:58:41 Checking for update using Github
2025-05-06 09:58:41 Success.
2025-05-06 09:58:41 Latest version is 1.8.10
2025-05-06 09:58:41 App is up to date.
2025-05-06 10:58:41 Checking for update using Github
2025-05-06 10:58:41 Success.
2025-05-06 10:58:41 Latest version is 1.8.10
2025-05-06 10:58:41 App is up to date.
2025-05-06 11:58:41 Checking for update using Github
2025-05-06 11:58:41 Success.
2025-05-06 11:58:41 Latest version is 1.8.10
2025-05-06 11:58:41 App is up to date.
2025-05-06 12:58:41 Checking for update using Github
2025-05-06 12:58:41 Success.
2025-05-06 12:58:41 Latest version is 1.8.10
2025-05-06 12:58:41 App is up to date.
2025-05-06 13:58:41 Checking for update using Github
2025-05-06 13:58:41 Success.
2025-05-06 13:58:41 Latest version is 1.8.10
2025-05-06 13:58:41 App is up to date.
2025-05-06 14:58:41 Checking for update using Github
2025-05-06 14:58:41 Success.
2025-05-06 14:58:41 Latest version is 1.8.10
2025-05-06 14:58:41 App is up to date.
2025-05-06 15:58:41 Checking for update using Github
2025-05-06 15:58:41 Success.
2025-05-06 15:58:41 Latest version is 1.8.10
2025-05-06 15:58:41 App is up to date.
2025-05-06 16:58:41 Checking for update using Github
2025-05-06 16:58:41 Success.
2025-05-06 16:58:41 Latest version is 1.8.10
2025-05-06 16:58:41 App is up to date.
2025-05-06 17:58:41 Checking for update using Github
2025-05-06 17:58:41 Success.
2025-05-06 17:58:41 Latest version is 1.8.10
2025-05-06 17:58:41 App is up to date.
2025-05-07 01:59:32 Loading main app package /usr/lib/obsidian/obsidian.asar
2025-05-07 01:59:32 Checking for update using Github
2025-05-07 01:59:33 Success.
2025-05-07 01:59:33 Latest version is 1.8.10
2025-05-07 01:59:33 App is up to date.
2025-05-07 02:59:32 Checking for update using Github
2025-05-07 02:59:32 Success.
2025-05-07 02:59:32 Latest version is 1.8.10
2025-05-07 02:59:32 App is up to date.
2025-05-07 03:59:32 Checking for update using Github
2025-05-07 03:59:32 Success.
2025-05-07 03:59:32 Latest version is 1.8.10
2025-05-07 03:59:32 App is up to date.
2025-05-07 04:59:32 Checking for update using Github
2025-05-07 04:59:32 Success.
2025-05-07 04:59:32 Latest version is 1.8.10
2025-05-07 04:59:32 App is up to date.
2025-05-07 05:59:32 Checking for update using Github
2025-05-07 05:59:32 Success.
2025-05-07 05:59:32 Latest version is 1.8.10
2025-05-07 05:59:32 App is up to date.
2025-05-08 12:48:32 Loading main app package /usr/lib/obsidian/obsidian.asar
2025-05-08 12:48:32 Checking for update using Github
2025-05-08 12:48:33 Success.
2025-05-08 12:48:33 Latest version is 1.8.10
2025-05-08 12:48:33 App is up to date.
2025-05-08 13:02:44 Loading main app package /usr/lib/obsidian/obsidian.asar
2025-05-08 13:02:44 Checking for update using Github
2025-05-08 13:02:44 Success.
2025-05-08 13:02:44 Latest version is 1.8.10
2025-05-08 13:02:44 App is up to date.
2025-05-12 12:59:52 Loading main app package /usr/lib/obsidian/obsidian.asar
2025-05-12 12:59:52 Checking for update using Github
2025-05-12 12:59:52 Success.
2025-05-12 12:59:52 Latest version is 1.8.10
2025-05-12 12:59:52 App is up to date.
2025-05-12 13:59:52 Checking for update using Github
2025-05-12 13:59:52 Success.
2025-05-12 13:59:52 Latest version is 1.8.10
2025-05-12 13:59:52 App is up to date.
2025-05-12 14:59:52 Checking for update using Github
2025-05-12 14:59:52 Success.
2025-05-12 14:59:52 Latest version is 1.8.10
2025-05-12 14:59:52 App is up to date.
2025-05-12 15:59:52 Checking for update using Github
2025-05-12 15:59:52 Success.
2025-05-12 15:59:52 Latest version is 1.8.10
2025-05-12 15:59:52 App is up to date.
2025-05-12 16:59:52 Checking for update using Github
2025-05-12 16:59:52 Success.
2025-05-12 16:59:52 Latest version is 1.8.10
2025-05-12 16:59:52 App is up to date.
2025-05-13 13:13:12 Loading main app package /usr/lib/obsidian/obsidian.asar
2025-05-13 13:13:12 Checking for update using Github
2025-05-13 13:13:13 Success.
2025-05-13 13:13:13 Latest version is 1.8.10
2025-05-13 13:13:13 App is up to date.
2025-05-13 14:23:22 Loading main app package /usr/lib/obsidian/obsidian.asar
2025-05-13 14:23:23 Checking for update using Github
2025-05-13 14:23:23 Success.
2025-05-13 14:23:23 Latest version is 1.8.10
2025-05-13 14:23:23 App is up to date.
2025-05-13 15:23:22 Checking for update using Github
2025-05-13 15:23:23 Success.
2025-05-13 15:23:23 Latest version is 1.8.10
2025-05-13 15:23:23 App is up to date.
2025-05-13 16:23:22 Checking for update using Github
2025-05-13 16:23:23 Success.
2025-05-13 16:23:23 Latest version is 1.8.10
2025-05-13 16:23:23 App is up to date.
2025-05-13 17:23:22 Checking for update using Github
2025-05-13 17:23:23 Success.
2025-05-13 17:23:23 Latest version is 1.8.10
2025-05-13 17:23:23 App is up to date.
2025-05-13 18:23:22 Checking for update using Github
2025-05-13 18:23:23 Success.
2025-05-13 18:23:23 Latest version is 1.8.10
2025-05-13 18:23:23 App is up to date.
2025-05-17 16:46:50 Loading main app package /usr/lib/obsidian/obsidian.asar
2025-05-17 16:46:50 Checking for update using Github
2025-05-17 16:46:50 Success.
2025-05-17 16:46:50 Latest version is 1.8.10
2025-05-17 16:46:50 App is up to date.
2025-05-17 17:46:50 Checking for update using Github
2025-05-17 17:46:50 Success.
2025-05-17 17:46:50 Latest version is 1.8.10
2025-05-17 17:46:50 App is up to date.
2025-05-17 18:46:50 Checking for update using Github
2025-05-17 18:46:50 Success.
2025-05-17 18:46:50 Latest version is 1.8.10
2025-05-17 18:46:50 App is up to date.
2025-05-20 08:10:11 Loading main app package /usr/lib/obsidian/obsidian.asar
2025-05-20 08:10:11 Checking for update using Github
2025-05-20 08:10:11 Success.
2025-05-20 08:10:11 Latest version is 1.8.10
2025-05-20 08:10:11 App is up to date.
2025-05-20 09:10:11 Checking for update using Github
2025-05-20 09:10:11 Success.
2025-05-20 09:10:11 Latest version is 1.8.10
2025-05-20 09:10:11 App is up to date.
2025-05-20 10:10:11 Checking for update using Github
2025-05-20 10:10:11 Success.
2025-05-20 10:10:11 Latest version is 1.8.10
2025-05-20 10:10:11 App is up to date.
2025-05-20 11:09:46 Loading main app package /usr/lib/obsidian/obsidian.asar
2025-05-20 11:09:46 Checking for update using Github
2025-05-20 11:09:46 Success.
2025-05-20 11:09:46 Latest version is 1.8.10
2025-05-20 11:09:46 App is up to date.
2025-05-20 11:47:43 Loading main app package /usr/lib/obsidian/obsidian.asar
2025-05-20 11:47:43 Checking for update using Github
2025-05-20 11:47:44 Success.
2025-05-20 11:47:44 Latest version is 1.8.10
2025-05-20 11:47:44 App is up to date.
2025-05-20 12:10:35 Loading main app package /usr/lib/obsidian/obsidian.asar
2025-05-20 12:10:35 Checking for update using Github
2025-05-20 12:10:35 Success.
2025-05-20 12:10:35 Latest version is 1.8.10
2025-05-20 12:10:35 App is up to date.
2025-05-20 12:14:38 Loading main app package /usr/lib/obsidian/obsidian.asar
2025-05-20 12:14:38 Checking for update using Github
2025-05-20 12:14:38 Success.
2025-05-20 12:14:38 Latest version is 1.8.10
2025-05-20 12:14:38 App is up to date.
2025-05-20 13:14:38 Checking for update using Github
2025-05-20 13:14:38 Success.
2025-05-20 13:14:38 Latest version is 1.8.10
2025-05-20 13:14:38 App is up to date.
2025-05-21 07:50:28 Loading main app package /usr/lib/obsidian/obsidian.asar
2025-05-21 07:50:28 Checking for update using Github
2025-05-21 07:50:28 Success.
2025-05-21 07:50:28 Latest version is 1.8.10
2025-05-21 07:50:28 App is up to date.
2025-05-21 08:50:28 Checking for update using Github
2025-05-21 08:50:28 Success.
2025-05-21 08:50:28 Latest version is 1.8.10
2025-05-21 08:50:28 App is up to date.
2025-05-21 09:50:28 Checking for update using Github
2025-05-21 09:50:28 Success.
2025-05-21 09:50:28 Latest version is 1.8.10
2025-05-21 09:50:28 App is up to date.
2025-05-21 10:50:28 Checking for update using Github
2025-05-21 10:50:28 Success.
2025-05-21 10:50:28 Latest version is 1.8.10
2025-05-21 10:50:28 App is up to date.
2025-05-21 11:50:28 Checking for update using Github
2025-05-21 11:50:28 Success.
2025-05-21 11:50:28 Latest version is 1.8.10
2025-05-21 11:50:28 App is up to date.
2025-05-21 12:50:28 Checking for update using Github
2025-05-21 12:50:28 Success.
2025-05-21 12:50:28 Latest version is 1.8.10
2025-05-21 12:50:28 App is up to date.
2025-05-21 13:50:28 Checking for update using Github
2025-05-21 13:50:28 Success.
2025-05-21 13:50:28 Latest version is 1.8.10
2025-05-21 13:50:28 App is up to date.
2025-05-21 18:51:06 Loading main app package /usr/lib/obsidian/obsidian.asar
2025-05-21 18:51:06 Checking for update using Github
2025-05-21 18:51:06 Success.
2025-05-21 18:51:06 Latest version is 1.8.10
2025-05-21 18:51:06 App is up to date.
2025-06-01 05:31:47 Loading main app package /usr/lib/obsidian/obsidian.asar
2025-06-01 05:31:47 Checking for update using Github
2025-06-01 05:31:47 Success.
2025-06-01 05:31:47 Latest version is 1.8.10
2025-06-01 05:31:47 App is up to date.
2025-06-01 06:31:47 Checking for update using Github
2025-06-01 06:31:47 Success.
2025-06-01 06:31:47 Latest version is 1.8.10
2025-06-01 06:31:47 App is up to date.
2025-06-01 07:31:47 Checking for update using Github
2025-06-01 07:31:47 Success.
2025-06-01 07:31:47 Latest version is 1.8.10
2025-06-01 07:31:47 App is up to date.
2025-06-01 08:31:47 Checking for update using Github
2025-06-01 08:31:47 Success.
2025-06-01 08:31:47 Latest version is 1.8.10
2025-06-01 08:31:47 App is up to date.
2025-06-01 10:48:52 Loading main app package /usr/lib/obsidian/obsidian.asar
2025-06-01 10:48:52 Checking for update using Github
2025-06-01 10:48:52 Success.
2025-06-01 10:48:52 Latest version is 1.8.10
2025-06-01 10:48:52 App is up to date.
2025-06-01 11:48:52 Checking for update using Github
2025-06-01 11:48:52 Success.
2025-06-01 11:48:52 Latest version is 1.8.10
2025-06-01 11:48:52 App is up to date.
2025-06-01 12:48:52 Checking for update using Github
2025-06-01 12:48:52 Success.
2025-06-01 12:48:52 Latest version is 1.8.10
2025-06-01 12:48:52 App is up to date.
2025-06-01 13:48:52 Checking for update using Github
2025-06-01 13:48:52 Success.
2025-06-01 13:48:52 Latest version is 1.8.10
2025-06-01 13:48:52 App is up to date.
2025-06-01 14:48:52 Checking for update using Github
2025-06-01 14:48:52 Success.
2025-06-01 14:48:52 Latest version is 1.8.10
2025-06-01 14:48:52 App is up to date.
2025-06-01 15:48:52 Checking for update using Github
2025-06-01 15:48:52 Success.
2025-06-01 15:48:52 Latest version is 1.8.10
2025-06-01 15:48:52 App is up to date.
2025-06-01 16:48:52 Checking for update using Github
2025-06-01 16:48:52 Success.
2025-06-01 16:48:52 Latest version is 1.8.10
2025-06-01 16:48:52 App is up to date.
2025-06-01 17:48:52 Checking for update using Github
2025-06-01 17:48:52 Success.
2025-06-01 17:48:52 Latest version is 1.8.10
2025-06-01 17:48:52 App is up to date.
2025-06-01 18:48:52 Checking for update using Github
2025-06-01 18:48:52 Success.
2025-06-01 18:48:52 Latest version is 1.8.10
2025-06-01 18:48:52 App is up to date.
2025-06-01 19:48:52 Checking for update using Github
2025-06-01 19:48:52 Success.
2025-06-01 19:48:52 Latest version is 1.8.10
2025-06-01 19:48:52 App is up to date.
2025-06-01 20:48:52 Checking for update using Github
2025-06-01 20:48:52 Success.
2025-06-01 20:48:52 Latest version is 1.8.10
2025-06-01 20:48:52 App is up to date.
2025-06-01 21:48:52 Checking for update using Github
2025-06-01 21:48:52 Success.
2025-06-01 21:48:52 Latest version is 1.8.10
2025-06-01 21:48:52 App is up to date.
2025-06-01 22:48:52 Checking for update using Github
2025-06-01 22:48:52 Success.
2025-06-01 22:48:52 Latest version is 1.8.10
2025-06-01 22:48:52 App is up to date.
2025-06-01 23:48:52 Checking for update using Github
2025-06-01 23:48:52 Success.
2025-06-01 23:48:52 Latest version is 1.8.10
2025-06-01 23:48:52 App is up to date.
2025-06-02 00:48:52 Checking for update using Github
2025-06-02 00:48:52 Success.
2025-06-02 00:48:52 Latest version is 1.8.10
2025-06-02 00:48:52 App is up to date.
2025-06-02 01:48:52 Checking for update using Github
2025-06-02 01:48:52 Success.
2025-06-02 01:48:52 Latest version is 1.8.10
2025-06-02 01:48:52 App is up to date.
2025-06-02 02:48:52 Checking for update using Github
2025-06-02 02:48:52 Success.
2025-06-02 02:48:52 Latest version is 1.8.10
2025-06-02 02:48:52 App is up to date.
2025-06-02 03:48:52 Checking for update using Github
2025-06-02 03:48:52 Success.
2025-06-02 03:48:52 Latest version is 1.8.10
2025-06-02 03:48:52 App is up to date.
2025-06-02 04:48:52 Checking for update using Github
2025-06-02 04:48:52 Success.
2025-06-02 04:48:52 Latest version is 1.8.10
2025-06-02 04:48:52 App is up to date.
2025-06-02 05:48:52 Checking for update using Github
2025-06-02 05:48:52 Success.
2025-06-02 05:48:52 Latest version is 1.8.10
2025-06-02 05:48:52 App is up to date.
2025-06-02 06:48:52 Checking for update using Github
2025-06-02 06:48:52 Success.
2025-06-02 06:48:52 Latest version is 1.8.10
2025-06-02 06:48:52 App is up to date.
2025-06-02 07:48:52 Checking for update using Github
2025-06-02 07:48:52 Success.
2025-06-02 07:48:52 Latest version is 1.8.10
2025-06-02 07:48:52 App is up to date.
2025-06-02 08:48:52 Checking for update using Github
2025-06-02 08:48:52 Success.
2025-06-02 08:48:52 Latest version is 1.8.10
2025-06-02 08:48:52 App is up to date.
2025-06-02 09:48:52 Checking for update using Github
2025-06-02 09:48:53 Success.
2025-06-02 09:48:53 Latest version is 1.8.10
2025-06-02 09:48:53 App is up to date.
2025-06-02 10:48:52 Checking for update using Github
2025-06-02 10:48:52 Success.
2025-06-02 10:48:52 Latest version is 1.8.10
2025-06-02 10:48:52 App is up to date.
2025-06-02 11:48:52 Checking for update using Github
2025-06-02 11:48:52 Success.
2025-06-02 11:48:52 Latest version is 1.8.10
2025-06-02 11:48:52 App is up to date.
2025-06-02 12:48:52 Checking for update using Github
2025-06-02 12:48:52 Success.
2025-06-02 12:48:52 Latest version is 1.8.10
2025-06-02 12:48:52 App is up to date.
2025-06-02 13:48:52 Checking for update using Github
2025-06-02 13:48:52 Success.
2025-06-02 13:48:52 Latest version is 1.8.10
2025-06-02 13:48:52 App is up to date.
2025-06-02 14:48:52 Checking for update using Github
2025-06-02 14:48:52 Success.
2025-06-02 14:48:52 Latest version is 1.8.10
2025-06-02 14:48:52 App is up to date.
2025-06-02 15:48:52 Checking for update using Github
2025-06-02 15:48:52 Success.
2025-06-02 15:48:52 Latest version is 1.8.10
2025-06-02 15:48:52 App is up to date.
2025-06-02 16:48:52 Checking for update using Github
2025-06-02 16:48:52 Success.
2025-06-02 16:48:52 Latest version is 1.8.10
2025-06-02 16:48:52 App is up to date.
2025-06-02 17:48:52 Checking for update using Github
2025-06-02 17:48:52 Success.
2025-06-02 17:48:52 Latest version is 1.8.10
2025-06-02 17:48:52 App is up to date.
2025-06-02 18:48:52 Checking for update using Github
2025-06-02 18:48:52 Success.
2025-06-02 18:48:52 Latest version is 1.8.10
2025-06-02 18:48:52 App is up to date.
2025-06-02 19:48:52 Checking for update using Github
2025-06-02 19:48:52 Success.
2025-06-02 19:48:52 Latest version is 1.8.10
2025-06-02 19:48:52 App is up to date.
2025-06-02 20:48:52 Checking for update using Github
2025-06-02 20:48:52 Success.
2025-06-02 20:48:52 Latest version is 1.8.10
2025-06-02 20:48:52 App is up to date.
2025-06-02 21:48:52 Checking for update using Github
2025-06-02 21:48:52 Success.
2025-06-02 21:48:52 Latest version is 1.8.10
2025-06-02 21:48:52 App is up to date.
2025-06-02 22:48:52 Checking for update using Github
2025-06-02 22:48:52 Success.
2025-06-02 22:48:52 Latest version is 1.8.10
2025-06-02 22:48:52 App is up to date.
2025-06-03 01:42:22 Loading main app package /usr/lib/obsidian/obsidian.asar
2025-06-03 01:42:22 Checking for update using Github
2025-06-03 01:42:22 Success.
2025-06-03 01:42:22 Latest version is 1.8.10
2025-06-03 01:42:22 App is up to date.
2025-06-03 12:26:43 Loading main app package /usr/lib/obsidian/obsidian.asar
2025-06-03 12:26:43 Checking for update using Github
2025-06-03 12:26:43 Success.
2025-06-03 12:26:43 Latest version is 1.8.10
2025-06-03 12:26:43 App is up to date.
2025-06-06 08:35:32 Loading main app package /usr/lib/obsidian/obsidian.asar
2025-06-06 08:35:32 Checking for update using Github
2025-06-06 08:35:32 Success.
2025-06-06 08:35:32 Latest version is 1.8.10
2025-06-06 08:35:32 App is up to date.
2025-06-11 07:31:31 Loading main app package /usr/lib/obsidian/obsidian.asar
2025-06-11 07:31:31 Checking for update using Github
2025-06-11 07:31:31 Success.
2025-06-11 07:31:31 Latest version is 1.8.10
2025-06-11 07:31:31 App is up to date.
2025-06-11 11:01:52 Loading main app package /usr/lib/obsidian/obsidian.asar
2025-06-11 11:01:53 Checking for update using Github
2025-06-11 11:01:53 Success.
2025-06-11 11:01:53 Latest version is 1.8.10
2025-06-11 11:01:53 App is up to date.
2025-06-12 10:37:54 Loading main app package /usr/lib/obsidian/obsidian.asar
2025-06-12 10:37:54 Checking for update using Github
2025-06-12 10:37:54 Success.
2025-06-12 10:37:54 Latest version is 1.8.10
2025-06-12 10:37:54 App is up to date.
2025-06-12 11:37:54 Checking for update using Github
2025-06-12 11:37:54 Success.
2025-06-12 11:37:54 Latest version is 1.8.10
2025-06-12 11:37:54 App is up to date.
2025-06-12 12:37:54 Checking for update using Github
2025-06-12 12:37:54 Success.
2025-06-12 12:37:54 Latest version is 1.8.10
2025-06-12 12:37:54 App is up to date.
2025-06-12 13:37:54 Checking for update using Github
2025-06-12 13:37:54 Success.
2025-06-12 13:37:54 Latest version is 1.8.10
2025-06-12 13:37:54 App is up to date.
2025-06-17 08:29:18 Loading main app package /usr/lib/obsidian/obsidian.asar
2025-06-17 08:29:18 Checking for update using Github
2025-06-17 08:29:18 Success.
2025-06-17 08:29:18 Latest version is 1.8.10
2025-06-17 08:29:18 App is up to date.
2025-06-19 14:20:48 Loading main app package /usr/lib/obsidian/obsidian.asar
2025-06-19 14:20:48 Checking for update using Github
2025-06-19 14:20:49 Success.
2025-06-19 14:20:49 Latest version is 1.8.10
2025-06-19 14:20:49 App is up to date.
2025-06-19 15:20:48 Checking for update using Github
2025-06-19 15:20:48 Success.
2025-06-19 15:20:48 Latest version is 1.8.10
2025-06-19 15:20:48 App is up to date.
2025-06-19 16:20:48 Checking for update using Github
2025-06-19 16:20:48 Success.
2025-06-19 16:20:48 Latest version is 1.8.10
2025-06-19 16:20:48 App is up to date.
2025-06-19 17:20:48 Checking for update using Github
2025-06-19 17:20:48 Success.
2025-06-19 17:20:48 Latest version is 1.8.10
2025-06-19 17:20:48 App is up to date.
2025-06-19 18:20:48 Checking for update using Github
2025-06-19 18:20:48 Success.
2025-06-19 18:20:48 Latest version is 1.8.10
2025-06-19 18:20:48 App is up to date.
2025-06-19 19:20:48 Checking for update using Github
2025-06-19 19:20:48 Success.
2025-06-19 19:20:48 Latest version is 1.8.10
2025-06-19 19:20:48 App is up to date.
2025-06-19 20:20:48 Checking for update using Github
2025-06-19 20:20:48 Success.
2025-06-19 20:20:48 Latest version is 1.8.10
2025-06-19 20:20:48 App is up to date.
2025-06-19 21:20:48 Checking for update using Github
2025-06-19 21:20:48 Success.
2025-06-19 21:20:48 Latest version is 1.8.10
2025-06-19 21:20:48 App is up to date.
2025-06-19 22:20:48 Checking for update using Github
2025-06-19 22:20:48 Success.
2025-06-19 22:20:48 Latest version is 1.8.10
2025-06-19 22:20:48 App is up to date.
2025-06-19 23:20:48 Checking for update using Github
2025-06-19 23:20:48 Success.
2025-06-19 23:20:48 Latest version is 1.8.10
2025-06-19 23:20:48 App is up to date.
2025-06-20 00:20:48 Checking for update using Github
2025-06-20 00:20:48 Success.
2025-06-20 00:20:48 Latest version is 1.8.10
2025-06-20 00:20:48 App is up to date.
2025-06-20 01:20:48 Checking for update using Github
2025-06-20 01:20:48 Success.
2025-06-20 01:20:48 Latest version is 1.8.10
2025-06-20 01:20:48 App is up to date.
2025-06-20 02:20:48 Checking for update using Github
2025-06-20 02:20:48 Success.
2025-06-20 02:20:48 Latest version is 1.8.10
2025-06-20 02:20:48 App is up to date.
2025-06-20 03:20:48 Checking for update using Github
2025-06-20 03:20:48 Success.
2025-06-20 03:20:48 Latest version is 1.8.10
2025-06-20 03:20:48 App is up to date.
2025-06-20 04:20:48 Checking for update using Github
2025-06-20 04:20:48 Success.
2025-06-20 04:20:48 Latest version is 1.8.10
2025-06-20 04:20:48 App is up to date.
2025-06-20 05:20:48 Checking for update using Github
2025-06-20 05:20:48 Success.
2025-06-20 05:20:48 Latest version is 1.8.10
2025-06-20 05:20:48 App is up to date.
2025-06-20 06:20:48 Checking for update using Github
2025-06-20 06:20:48 Success.
2025-06-20 06:20:48 Latest version is 1.8.10
2025-06-20 06:20:48 App is up to date.
2025-06-20 07:20:48 Checking for update using Github
2025-06-20 07:20:48 Success.
2025-06-20 07:20:48 Latest version is 1.8.10
2025-06-20 07:20:48 App is up to date.
2025-06-20 08:20:48 Checking for update using Github
2025-06-20 08:20:48 Success.
2025-06-20 08:20:48 Latest version is 1.8.10
2025-06-20 08:20:48 App is up to date.
2025-06-20 17:58:58 Loading main app package /usr/lib/obsidian/obsidian.asar
2025-06-20 17:58:59 Checking for update using Github
2025-06-20 17:58:59 Success.
2025-06-20 17:58:59 Latest version is 1.8.10
2025-06-20 17:58:59 App is up to date.
